<?xml version="1.0" encoding="UTF-8"?>
<!-- Generated by org.testng.reporters.JUnitReportReporter -->
<testsuite skipped="0" hostname="DESKTOP-A6IQGUP" name="scripttest.FacebookTest" tests="2" failures="0" timestamp="12 Sep 2018 08:23:58 GMT" time="48.355" errors="0">
  <testcase name="SearchFb" time="28.737" classname="scripttest.FacebookTest"/>
  <testcase name="SearchFb" time="19.618" classname="scripttest.FacebookTest"/>
</testsuite> <!-- scripttest.FacebookTest -->
