<?xml version="1.0" encoding="UTF-8"?>
<!-- Generated by org.testng.reporters.JUnitReportReporter -->
<testsuite skipped="0" hostname="DESKTOP-A6IQGUP" name="scripttest.TwitterTest" tests="2" failures="0" timestamp="12 Sep 2018 08:23:58 GMT" time="50.009" errors="0">
  <testcase name="SearchTwt" time="26.420" classname="scripttest.TwitterTest"/>
  <testcase name="SearchTwt" time="23.589" classname="scripttest.TwitterTest"/>
</testsuite> <!-- scripttest.TwitterTest -->
