<?xml version="1.0" encoding="UTF-8"?>
<!-- Generated by org.testng.reporters.JUnitReportReporter -->
<testsuite skipped="0" hostname="DESKTOP-A6IQGUP" name="scripttest.LinkedInTest" tests="2" failures="0" timestamp="12 Sep 2018 08:23:58 GMT" time="50.812" errors="0">
  <testcase name="SearchLinked" time="27.624" classname="scripttest.LinkedInTest"/>
  <testcase name="SearchLinked" time="23.188" classname="scripttest.LinkedInTest"/>
</testsuite> <!-- scripttest.LinkedInTest -->
