<?xml version="1.0" encoding="UTF-8"?>
<!-- Generated by org.testng.reporters.JUnitReportReporter -->
<testsuite skipped="0" hostname="DESKTOP-A6IQGUP" name="scripttest.InstagramTest" tests="2" failures="0" timestamp="12 Sep 2018 08:23:58 GMT" time="44.910" errors="0">
  <testcase name="SearchInsta" time="20.122" classname="scripttest.InstagramTest"/>
  <testcase name="SearchInsta" time="24.788" classname="scripttest.InstagramTest"/>
</testsuite> <!-- scripttest.InstagramTest -->
