<?xml version="1.0" encoding="UTF-8"?>
<!-- Generated by org.testng.reporters.JUnitReportReporter -->
<testsuite skipped="0" hostname="DESKTOP-A6IQGUP" name="scripttest.FacebookTest" tests="2" failures="0" timestamp="07 Sep 2018 11:33:43 GMT" time="48.209" errors="0">
  <testcase name="SearchFb" time="26.258" classname="scripttest.FacebookTest"/>
  <testcase name="SearchFb" time="21.951" classname="scripttest.FacebookTest"/>
</testsuite> <!-- scripttest.FacebookTest -->
