<?xml version="1.0" encoding="UTF-8"?>
<!-- Generated by org.testng.reporters.JUnitReportReporter -->
<testsuite skipped="0" hostname="DESKTOP-A6IQGUP" name="scripttest.InstagramTest" tests="2" failures="0" timestamp="07 Sep 2018 11:33:43 GMT" time="45.475" errors="0">
  <testcase name="SearchInsta" time="23.342" classname="scripttest.InstagramTest"/>
  <testcase name="SearchInsta" time="22.133" classname="scripttest.InstagramTest"/>
</testsuite> <!-- scripttest.InstagramTest -->
