<?xml version="1.0" encoding="UTF-8"?>
<!-- Generated by org.testng.reporters.JUnitReportReporter -->
<testsuite skipped="0" hostname="DESKTOP-A6IQGUP" name="scripttest.TwitterTest" tests="2" failures="0" timestamp="07 Sep 2018 11:33:43 GMT" time="50.620" errors="0">
  <testcase name="SearchTwt" time="24.684" classname="scripttest.TwitterTest"/>
  <testcase name="SearchTwt" time="25.936" classname="scripttest.TwitterTest"/>
</testsuite> <!-- scripttest.TwitterTest -->
